INFO Selected: Output dir: ./
INFO Selected: Query file: reannot202503.query.hmmalign.masked.afa.gz
INFO Selected: Tree file: references.newick
INFO Selected: Reference MSA: reannot202503.ref.hmmalign.masked.afa.gz
INFO Selected: Automatic switching of use of per rate scalers
INFO Selected: Preserving the root of the input tree
INFO Selected: Specified model: LG+R5+F
INFO Selected: Using threads: 12
INFO     ______ ____   ___           _   __ ______
        / ____// __ \ /   |         / | / // ____/
       / __/  / /_/ // /| | ______ /  |/ // / __  
      / /___ / ____// ___ |/_____// /|  // /_/ /  
     /_____//_/    /_/  |_|      /_/ |_/ \____/ (v0.3.8)
INFO Using model parameters:
INFO    Rate heterogeneity: FREE (5 cats, mean),  weights&rates: (0.2,0.107426) (0.2,0.360097) (0.2,0.699895) (0.2,1.22314) (0.2,2.60944) 
        Base frequencies (empirical): 0.0763013 0.0376116 0.0378782 0.0362787 0.027381 0.0397777 0.0435767 0.0667372 0.0271811 0.0658374 0.10546 0.0397444 0.0372784 0.0657041 0.0416439 0.0553069 0.0539739 0.0254482 0.0356455 0.0812333 
        Substitution rates (model): 0.425093 0.276818 0.395144 2.48908 0.969894 1.03855 2.06604 0.358858 0.14983 0.395337 0.536518 1.12403 0.253701 1.17765 4.72718 2.1395 0.180717 0.218959 2.54787 0.751878 0.123954 0.534551 2.80791 0.36397 0.390192 2.4266 0.126991 0.301848 6.32607 0.484133 0.052722 0.332533 0.858151 0.578987 0.593607 0.31444 0.170887 5.07615 0.528768 1.69575 0.541712 1.43765 4.50924 0.191503 0.068427 2.14508 0.371004 0.089525 0.161787 4.00836 2.00068 0.045376 0.612025 0.083688 0.062556 0.523386 5.24387 0.844926 0.927114 0.01069 0.015076 0.282959 0.025548 0.017416 0.394456 1.24028 0.42586 0.02989 0.135107 0.037967 0.084808 0.003499 0.569265 0.640543 0.320627 0.594007 0.013266 0.89368 1.10525 0.075382 2.78448 1.14348 0.670128 1.16553 1.95929 4.12859 0.267959 4.81351 0.072854 0.582457 3.23429 1.67257 0.035855 0.624294 1.22383 1.08014 0.236199 0.257336 0.210332 0.348847 0.423881 0.044265 0.069673 1.80718 0.173735 0.018811 0.419409 0.611973 0.604545 0.077852 0.120037 0.245034 0.311484 0.008705 0.044261 0.296636 0.139538 0.089586 0.196961 1.73999 0.129836 0.268491 0.054679 0.076701 0.108882 0.366317 0.697264 0.442472 0.682139 0.508851 0.990012 0.584262 0.597054 5.30683 0.119013 4.14507 0.159069 4.27361 1.11273 0.078281 0.064105 1.03374 0.11166 0.232523 10.6491 0.1375 6.31236 2.59269 0.24906 0.182287 0.302936 0.619632 0.299648 1.70274 0.656604 0.023918 0.390322 0.748683 1.13686 0.049906 0.131932 0.185202 1.79885 0.099849 0.34696 2.02037 0.696175 0.481306 1.89872 0.094464 0.361819 0.165001 2.45712 7.8039 0.654683 1.33813 0.571468 0.095131 0.089613 0.296501 6.47228 0.248862 0.400547 0.098369 0.140825 0.245841 2.18816 3.15182 0.18951 0.249313
INFO Output file: ./epa_result.jplace
INFO 443 Sequences done!
INFO Time spent placing: 0s
INFO Elapsed Time: 0s
