[2024-04-03 11:43:06,171] multiqc                                            [DEBUG  ]  This is MultiQC v1.14
[2024-04-03 11:43:06,171] multiqc                                            [DEBUG  ]  Loading config settings from: multiqc_config.yml
[2024-04-03 11:43:06,171] multiqc                                            [DEBUG  ]  New config: {'report_comment': 'This report has been generated by the <a href="https://github.com/nf-core/phyloplace" target="_blank">nf-core/phyloplace</a> analysis pipeline. For information about how to interpret these results, please see the <a href="https://nf-co.re/phyloplace" target="_blank">documentation</a>.\n', 'report_section_order': {'nf-core-phyloplace-methods-description': {'order': -1000}, 'software_versions': {'order': -1001}, 'nf-core-phyloplace-summary': {'order': -1002}}, 'export_plots': True}
[2024-04-03 11:43:06,172] multiqc                                            [DEBUG  ]  Loading config settings from: multiqc_config.yml
[2024-04-03 11:43:06,172] multiqc                                            [DEBUG  ]  New config: {'report_comment': 'This report has been generated by the <a href="https://github.com/nf-core/phyloplace" target="_blank">nf-core/phyloplace</a> analysis pipeline. For information about how to interpret these results, please see the <a href="https://nf-co.re/phyloplace" target="_blank">documentation</a>.\n', 'report_section_order': {'nf-core-phyloplace-methods-description': {'order': -1000}, 'software_versions': {'order': -1001}, 'nf-core-phyloplace-summary': {'order': -1002}}, 'export_plots': True}
[2024-04-03 11:43:06,172] multiqc                                            [DEBUG  ]  Command used: /usr/local/bin/multiqc --force --config multiqc_config.yml .
[2024-04-03 11:43:06,743] multiqc                                            [WARNING]  MultiQC Version v1.21 now available!
[2024-04-03 11:43:06,743] multiqc                                            [DEBUG  ]  Working dir : /home/daluab/projects/elena/lmo_weirdo_sits/phyloplace/work/2c/bc59b3a161fed5800b2387768ba6e2
[2024-04-03 11:43:06,743] multiqc                                            [DEBUG  ]  Template    : default
[2024-04-03 11:43:06,743] multiqc                                            [DEBUG  ]  Running Python 3.11.0 | packaged by conda-forge | (main, Oct 25 2022, 06:24:40) [GCC 10.4.0]
[2024-04-03 11:43:06,744] multiqc                                            [DEBUG  ]  Analysing modules: custom_content, ccs, ngsderive, purple, conpair, lima, peddy, somalier, methylQA, mosdepth, phantompeakqualtools, qualimap, preseq, hifiasm, quast, qorts, rna_seqc, rockhopper, rsem, rseqc, busco, bustools, goleft_indexcov, gffcompare, disambiguate, supernova, deeptools, sargasso, verifybamid, mirtrace, happy, mirtop, sambamba, gopeaks, homer, hops, macs2, theta2, snpeff, gatk, htseq, bcftools, featureCounts, fgbio, dragen, dragen_fastqc, dedup, pbmarkdup, damageprofiler, biobambam2, jcvi, mtnucratio, picard, vep, sentieon, prokka, qc3C, nanostat, samblaster, samtools, sexdeterrmine, eigenstratdatabasetools, bamtools, jellyfish, vcftools, longranger, stacks, varscan2, snippy, umitools, bbmap, bismark, biscuit, diamond, hicexplorer, hicup, hicpro, salmon, kallisto, slamdunk, star, hisat2, tophat, bowtie2, bowtie1, cellranger, snpsplit, odgi, pangolin, nextclade, humid, kat, leehom, adapterRemoval, bbduk, clipandmerge, cutadapt, flexbar, kaiju, kraken, malt, motus, trimmomatic, sickle, skewer, sortmerna, biobloomtools, fastq_screen, afterqc, fastp, fastqc, filtlong, prinseqplusplus, pychopper, porechop, pycoqc, minionqc, anglerfish, multivcfanalyzer, clusterflow, checkqc, bcl2fastq, bclconvert, interop, ivar, flash, seqyclean, optitype, whatshap
[2024-04-03 11:43:06,744] multiqc                                            [DEBUG  ]  Using temporary directory for creating report: /tmp/tmppf1pzqu4
[2024-04-03 11:43:06,849] multiqc                                            [INFO   ]  Search path : /home/daluab/projects/elena/lmo_weirdo_sits/phyloplace/work/2c/bc59b3a161fed5800b2387768ba6e2
[2024-04-03 11:43:06,880] multiqc                                            [DEBUG  ]  Summary of files that were skipped by the search: [skipped_no_match: 8] // [skipped_module_specific_max_filesize: 5]
[2024-04-03 11:43:07,106] multiqc.plots.bargraph                             [DEBUG  ]  Using matplotlib version 3.6.2
[2024-04-03 11:43:07,107] multiqc.plots.linegraph                            [DEBUG  ]  Using matplotlib version 3.6.2
[2024-04-03 11:43:07,110] multiqc.modules.custom_content.custom_content      [INFO   ]  software_versions: Found 1 sample (html)
[2024-04-03 11:43:07,110] multiqc.modules.custom_content.custom_content      [INFO   ]  nf-core-phyloplace-methods-description: Found 1 sample (html)
[2024-04-03 11:43:07,110] multiqc.modules.custom_content.custom_content      [INFO   ]  nf-core-phyloplace-summary: Found 1 sample (html)
[2024-04-03 11:43:07,110] multiqc                                            [DEBUG  ]  Reordering sections: anchor 'nf-core-phyloplace-methods-description' not found for module 'nf-core/phyloplace Methods Description'.
[2024-04-03 11:43:07,111] multiqc                                            [DEBUG  ]  Reordering sections: anchor 'software_versions' not found for module 'nf-core/phyloplace Methods Description'.
[2024-04-03 11:43:07,111] multiqc                                            [DEBUG  ]  Reordering sections: anchor 'nf-core-phyloplace-summary' not found for module 'nf-core/phyloplace Methods Description'.
[2024-04-03 11:43:07,111] multiqc                                            [DEBUG  ]  Reordering sections: anchor 'nf-core-phyloplace-methods-description' not found for module 'nf-core/phyloplace Software Versions'.
[2024-04-03 11:43:07,111] multiqc                                            [DEBUG  ]  Reordering sections: anchor 'software_versions' not found for module 'nf-core/phyloplace Software Versions'.
[2024-04-03 11:43:07,111] multiqc                                            [DEBUG  ]  Reordering sections: anchor 'nf-core-phyloplace-summary' not found for module 'nf-core/phyloplace Software Versions'.
[2024-04-03 11:43:07,111] multiqc                                            [DEBUG  ]  Reordering sections: anchor 'nf-core-phyloplace-methods-description' not found for module 'nf-core/phyloplace Workflow Summary'.
[2024-04-03 11:43:07,111] multiqc                                            [DEBUG  ]  Reordering sections: anchor 'software_versions' not found for module 'nf-core/phyloplace Workflow Summary'.
[2024-04-03 11:43:07,111] multiqc                                            [DEBUG  ]  Reordering sections: anchor 'nf-core-phyloplace-summary' not found for module 'nf-core/phyloplace Workflow Summary'.
[2024-04-03 11:43:07,111] multiqc                                            [INFO   ]  Compressing plot data
[2024-04-03 11:43:07,111] multiqc                                            [INFO   ]  Report      : multiqc_report.html
[2024-04-03 11:43:07,111] multiqc                                            [INFO   ]  Data        : multiqc_data
[2024-04-03 11:43:07,111] multiqc                                            [DEBUG  ]  Moving data file from '/tmp/tmppf1pzqu4/multiqc_data' to '/home/daluab/projects/elena/lmo_weirdo_sits/phyloplace/work/2c/bc59b3a161fed5800b2387768ba6e2/multiqc_data'
[2024-04-03 11:43:07,112] multiqc                                            [INFO   ]  Plots       : multiqc_plots
[2024-04-03 11:43:07,112] multiqc                                            [DEBUG  ]  Moving plots directory from '/tmp/tmppf1pzqu4/multiqc_plots' to '/home/daluab/projects/elena/lmo_weirdo_sits/phyloplace/work/2c/bc59b3a161fed5800b2387768ba6e2/multiqc_plots'
[2024-04-03 11:43:07,152] multiqc                                            [INFO   ]  MultiQC complete
